<?xml version="1.0" encoding="UTF-8"?>
<testng-results ignored="0" total="1" passed="1" failed="0" skipped="0">
  <reporter-output>
    <line>
      <![CDATA[BMW Launched]]>
    </line>
  </reporter-output>
  <suite started-at="2025-06-21T13:41:36 IST" name="Surefire suite" finished-at="2025-06-21T13:41:43 IST" duration-ms="6376">
    <groups>
    </groups>
    <test started-at="2025-06-21T13:41:36 IST" name="Surefire test" finished-at="2025-06-21T13:41:43 IST" duration-ms="6376">
      <class name="cars.BMWTest">
        <test-method signature="BMWlaunch()[pri:0, instance:cars.BMWTest@1a04f701]" started-at="2025-06-21T13:41:36 IST" name="BMWlaunch" finished-at="2025-06-21T13:41:43 IST" duration-ms="6220" status="PASS">
          <reporter-output>
            <line>
              <![CDATA[BMW Launched]]>
            </line>
          </reporter-output>
        </test-method> <!-- BMWlaunch -->
      </class> <!-- cars.BMWTest -->
    </test> <!-- Surefire test -->
  </suite> <!-- Surefire suite -->
</testng-results>
